[
  [
    1295136000,
    79
  ],
  [
    1297555200,
    101
  ],
  [
    1300579200,
    132
  ],
  [
    1302998400,
    81
  ],
  [
    1305417600,
    101
  ],
  [
    1308441600,
    106
  ],
  [
    1310860800,
    119
  ],
  [
    1313884800,
    105
  ],
  [
    1316304000,
    105
  ],
  [
    1318723200,
    107
  ],
  [
    1321747200,
    106
  ],
  [
    1322265600,
    85
  ],
  [
    1324166400,
    140
  ],
  [
    1326585600,
    122
  ],
  [
    1329609600,
    109
  ],
  [
    1330819200,
    96
  ],
  [
    1332028800,
    106
  ],
  [
    1333238400,
    115
  ],
  [
    1334448000,
    87
  ],
  [
    1336262400,
    85
  ],
  [
    1337472000,
    103
  ],
  [
    1338681600,
    96
  ],
  [
    1339891200,
    100
  ],
  [
    1345334400,
    102
  ],
  [
    1346544000,
    88
  ],
  [
    1347753600,
    104
  ],
  [
    1349568000,
    99
  ],
  [
    1350777600,
    121
  ],
  [
    1351987200,
    110
  ],
  [
    1353196800,
    143
  ],
  [
    1354406400,
    109
  ],
  [
    1355616000,
    72
  ],
  [
    1357430400,
    95
  ],
  [
    1358640000,
    116
  ],
  [
    1359849600,
    87
  ],
  [
    1361059200,
    109
  ],
  [
    1362268800,
    170
  ],
  [
    1363478400,
    135
  ],
  [
    1364601600,
    91
  ],
  [
    1365292800,
    116
  ],
  [
    1366502400,
    107
  ],
  [
    1367712000,
    120
  ],
  [
    1368921600,
    103
  ],
  [
    1370131200,
    106
  ],
  [
    1371340800,
    128
  ],
  [
    1373155200,
    121
  ],
  [
    1377993600,
    88
  ],
  [
    1379289600,
    144
  ],
  [
    1381017600,
    110
  ],
  [
    1383436800,
    131
  ],
  [
    1384646400,
    184
  ],
  [
    1388880000,
    152
  ],
  [
    1388880000,
    149
  ],
  [
    1390089600,
    149
  ],
  [
    1391299200,
    141
  ],
  [
    1392508800,
    125
  ],
  [
    1393718400,
    106
  ],
  [
    1394928000,
    144
  ],
  [
    1396742400,
    147
  ],
  [
    1397952000,
    121
  ],
  [
    1399161600,
    139
  ],
  [
    1400371200,
    136
  ],
  [
    1401580800,
    134
  ],
  [
    1412467200,
    139
  ],
  [
    1413676800,
    138
  ],
  [
    1414886400,
    119
  ],
  [
    1416096000,
    160
  ],
  [
    1417910400,
    123
  ],
  [
    1419120000,
    109
  ],
  [
    1421539200,
    171
  ],
  [
    1426377600,
    164
  ],
  [
    1428192000,
    128
  ],
  [
    1429401600,
    145
  ],
  [
    1430611200,
    135
  ],
  [
    1431820800,
    159
  ],
  [
    1434844800,
    123
  ],
  [
    1436054400,
    114
  ],
  [
    1441497600,
    115
  ],
  [
    1442707200,
    126
  ],
  [
    1443916800,
    145
  ],
  [
    1446336000,
    136
  ],
  [
    1447545600,
    160
  ],
  [
    1449360000,
    119
  ],
  [
    1450569600,
    147
  ],
  [
    1451779200,
    184
  ],
  [
    1454803200,
    139
  ],
  [
    1456012800,
    193
  ],
  [
    1457222400,
    169
  ],
  [
    1458432000,
    180
  ],
  [
    1460851200,
    102
  ],
  [
    1463270400,
    125
  ],
  [
    1465084800,
    148
  ],
  [
    1466294400,
    120
  ],
  [
    1467504000,
    126
  ],
  [
    1474156800,
    153
  ],
  [
    1475366400,
    128
  ],
  [
    1478390400,
    127
  ],
  [
    1479600000,
    107
  ],
  [
    1480809600,
    105
  ],
  [
    1483228800,
    128
  ],
  [
    1486252800,
    105
  ],
  [
    1487462400,
    111
  ],
  [
    1488672000,
    154
  ],
  [
    1489881600,
    109
  ],
  [
    1492300800,
    115
  ],
  [
    1495324800,
    130
  ],
  [
    1496534400,
    120
  ],
  [
    1498953600,
    105
  ],
  [
    1504396800,
    121
  ],
  [
    1506816000,
    98
  ],
  [
    1508025600,
    95
  ],
  [
    1511049600,
    108
  ],
  [
    1512259200,
    104
  ],
  [
    1513468800,
    78
  ],
  [
    1515283200,
    108
  ],
  [
    1517702400,
    122
  ],
  [
    1518912000,
    99
  ],
  [
    1520121600,
    174
  ],
  [
    1521331200,
    159
  ],
  [
    1523750400,
    124
  ],
  [
    1525564800,
    138
  ],
  [
    1526774400,
    146
  ],
  [
    1527984000,
    146
  ],
  [
    1530403200,
    130
  ],
  [
    1535846400,
    121
  ],
  [
    1538870400,
    111
  ],
  [
    1540080000,
    107
  ],
  [
    1541289600,
    129
  ],
  [
    1542499200,
    133
  ],
  [
    1543708800,
    125
  ],
  [
    1544918400,
    126
  ],
  [
    1546732800,
    151
  ],
  [
    1549152000,
    167
  ],
  [
    1551571200,
    127
  ],
  [
    1552780800,
    129
  ],
  [
    1555804800,
    106
  ],
  [
    1555804800,
    106
  ],
  [
    1557014400,
    128
  ],
  [
    1558224000,
    92
  ],
  [
    1559433600,
    135
  ],
  [
    1562457600,
    117
  ],
  [
    1567296000,
    117
  ],
  [
    1568505600,
    212
  ],
  [
    1572739200,
    117
  ],
  [
    1573948800,
    128
  ],
  [
    1575158400,
    85
  ],
  [
    1576368000,
    169
  ],
  [
    1578182400,
    145
  ],
  [
    1580601600,
    151
  ],
  [
    1581811200,
    94
  ],
  [
    1583020800,
    127
  ],
  [
    1645315200,
    231
  ],
  [
    1646524800,
    196
  ],
  [
    1648944000,
    207
  ],
  [
    1650153600,
    164
  ],
  [
    1651363200,
    160
  ],
  [
    1652572800,
    74
  ],
  [
    1654387200,
    106
  ],
  [
    1655596800,
    119
  ],
  [
    1656806400,
    116
  ],
  [
    1662249600,
    110
  ],
  [
    1663459200,
    94
  ],
  [
    1665878400,
    177
  ],
  [
    1667692800,
    180
  ],
  [
    1668902400,
    174
  ],
  [
    1670112000,
    132
  ],
  [
    1672531200,
    182
  ],
  [
    1673740800,
    214
  ],
  [
    1675555200,
    239
  ],
  [
    1676764800,
    161
  ],
  [
    1677974400,
    179
  ],
  [
    1679184000,
    205
  ],
  [
    1680393600,
    146
  ],
  [
    1683417600,
    152
  ],
  [
    1687046400,
    142
  ],
  [
    1688256000,
    171
  ],
  [
    1693699200,
    176
  ],
  [
    1694908800,
    143
  ],
  [
    1696118400,
    152
  ],
  [
    1697328000,
    145
  ],
  [
    1702771200,
    143
  ],
  [
    1704585600,
    111
  ],
  [
    1705795200,
    221
  ],
  [
    1707004800,
    288
  ],
  [
    1709424000,
    212
  ],
  [
    1710633600,
    180
  ],
  [
    1712448000,
    121
  ],
  [
    1713657600,
    119
  ],
  [
    1714867200,
    194
  ],
  [
    1716076800,
    189
  ],
  [
    1717286400,
    173
  ],
  [
    1720310400,
    182
  ]
]