[
  [
    1766880000,
    1957,
    332,
    1957,
    332
  ],
  [
    1766275200,
    1639,
    53,
    1639,
    53
  ],
  [
    1764460800,
    3072,
    -2,
    3081,
    -2
  ],
  [
    1763856000,
    1789,
    408,
    1794,
    409
  ],
  [
    1763251200,
    2694,
    144,
    2702,
    144
  ],
  [
    1762041600,
    2487,
    167,
    2495,
    168
  ],
  [
    1761436800,
    1495,
    -19,
    1504,
    -19
  ],
  [
    1760832000,
    1857,
    -37,
    1868,
    -37
  ],
  [
    1759622400,
    2755,
    -348,
    2772,
    -350
  ],
  [
    1759017600,
    1263,
    -148,
    1269,
    -149
  ],
  [
    1758412800,
    1713,
    -346,
    1722,
    -348
  ],
  [
    1757203200,
    2656,
    -105,
    2670,
    -106
  ],
  [
    1751760000,
    1165,
    -610,
    1179,
    -617
  ],
  [
    1750550400,
    790,
    -679,
    801,
    -689
  ],
  [
    1749945600,
    1339,
    -272,
    1358,
    -276
  ],
  [
    1748736000,
    2199,
    98,
    2230,
    99
  ],
  [
    1747526400,
    3214,
    -577,
    3269,
    -587
  ],
  [
    1746316800,
    2669,
    542,
    2714,
    551
  ],
  [
    1745107200,
    1797,
    53,
    1829,
    54
  ],
  [
    1743897600,
    1740,
    -118,
    1771,
    -120
  ],
  [
    1742688000,
    1871,
    -22,
    1909,
    -22
  ],
  [
    1742083200,
    2027,
    210,
    2068,
    214
  ],
  [
    1740873600,
    2260,
    55,
    2305,
    56
  ],
  [
    1740268800,
    1959,
    181,
    1997,
    185
  ],
  [
    1739664000,
    1455,
    -156,
    1483,
    -159
  ],
  [
    1738454400,
    2623,
    363,
    2674,
    370
  ],
  [
    1737849600,
    1772,
    92,
    1811,
    94
  ],
  [
    1737244800,
    1926,
    155,
    1968,
    158
  ],
  [
    1736035200,
    2774,
    223,
    2834,
    228
  ],
  [
    1733011200,
    3056,
    1253,
    3137,
    1286
  ],
  [
    1731801600,
    2140,
    -158,
    2205,
    -163
  ],
  [
    1730592000,
    2689,
    -2,
    2770,
    -2
  ],
  [
    1729987200,
    1690,
    6,
    1746,
    6
  ],
  [
    1729382400,
    1276,
    -150,
    1318,
    -155
  ],
  [
    1728172800,
    1933,
    151,
    1997,
    156
  ],
  [
    1726963200,
    2081,
    -183,
    2155,
    -189
  ],
  [
    1726358400,
    1717,
    -45,
    1778,
    -47
  ],
  [
    1725148800,
    1840,
    35,
    1905,
    36
  ],
  [
    1720310400,
    2170,
    598,
    2256,
    622
  ],
  [
    1718496000,
    1911,
    242,
    1990,
    252
  ],
  [
    1717286400,
    1864,
    120,
    1941,
    125
  ],
  [
    1716076800,
    2062,
    -3,
    2147,
    -3
  ],
  [
    1715472000,
    3241,
    1159,
    3374,
    1207
  ],
  [
    1714867200,
    2100,
    301,
    2186,
    313
  ],
  [
    1713657600,
    1086,
    -234,
    1131,
    -244
  ],
  [
    1712448000,
    1238,
    -215,
    1289,
    -224
  ],
  [
    1710633600,
    2108,
    353,
    2202,
    369
  ],
  [
    1709424000,
    2417,
    242,
    2525,
    253
  ],
  [
    1708214400,
    2089,
    117,
    2190,
    123
  ],
  [
    1707004800,
    2856,
    2236,
    2994,
    2344
  ],
  [
    1705795200,
    2638,
    725,
    2776,
    763
  ],
  [
    1705190400,
    2312,
    188,
    2433,
    198
  ],
  [
    1704585600,
    1071,
    -294,
    1127,
    -309
  ],
  [
    1702771200,
    1841,
    199,
    1944,
    210
  ],
  [
    1701561600,
    2141,
    874,
    2261,
    923
  ],
  [
    1700352000,
    4119,
    924,
    4359,
    978
  ],
  [
    1699142400,
    4483,
    683,
    4744,
    723
  ],
  [
    1697328000,
    1586,
    -49,
    1681,
    -52
  ],
  [
    1696118400,
    2002,
    248,
    2122,
    263
  ],
  [
    1694908800,
    1805,
    71,
    1915,
    75
  ],
  [
    1693699200,
    2407,
    409,
    2553,
    434
  ],
  [
    1688256000,
    2178,
    344,
    2331,
    368
  ],
  [
    1687046400,
    1867,
    316,
    2002,
    339
  ],
  [
    1685836800,
    2534,
    397,
    2717,
    426
  ],
  [
    1684627200,
    3269,
    369,
    3514,
    397
  ],
  [
    1683417600,
    1830,
    165,
    1967,
    177
  ],
  [
    1681603200,
    1765,
    5,
    1900,
    5
  ],
  [
    1680393600,
    1443,
    -129,
    1553,
    -139
  ],
  [
    1679788800,
    1635,
    -104,
    1767,
    -112
  ],
  [
    1679184000,
    1682,
    199,
    1818,
    215
  ],
  [
    1677974400,
    1697,
    295,
    1834,
    319
  ],
  [
    1676764800,
    1583,
    202,
    1712,
    218
  ],
  [
    1675555200,
    2333,
    568,
    2523,
    614
  ],
  [
    1673740800,
    1922,
    452,
    2086,
    490
  ],
  [
    1672531200,
    1637,
    71,
    1776,
    77
  ],
  [
    1670112000,
    1247,
    -28,
    1361,
    -31
  ],
  [
    1668902400,
    1475,
    223,
    1610,
    243
  ],
  [
    1667692800,
    1668,
    326,
    1821,
    356
  ],
  [
    1665878400,
    1540,
    137,
    1685,
    150
  ],
  [
    1663459200,
    995,
    -347,
    1094,
    -382
  ],
  [
    1662249600,
    1019,
    -129,
    1121,
    -142
  ],
  [
    1661558400,
    1458,
    221,
    1610,
    244
  ],
  [
    1656806400,
    1174,
    113,
    1298,
    125
  ],
  [
    1656806400,
    1174,
    113,
    1298,
    125
  ],
  [
    1655596800,
    1009,
    -116,
    1115,
    -128
  ],
  [
    1654387200,
    984,
    34,
    1087,
    38
  ],
  [
    1652572800,
    771,
    -304,
    863,
    -340
  ],
  [
    1651363200,
    1433,
    253,
    1604,
    283
  ],
  [
    1650153600,
    1386,
    -104,
    1566,
    -117
  ],
  [
    1648944000,
    1889,
    373,
    2134,
    421
  ],
  [
    1647734400,
    2107,
    561,
    2390,
    636
  ],
  [
    1646524800,
    2184,
    677,
    2477,
    768
  ],
  [
    1645315200,
    2322,
    852,
    2661,
    976
  ],
  [
    1583020800,
    1233,
    187,
    1558,
    236
  ],
  [
    1581811200,
    917,
    -128,
    1153,
    -161
  ],
  [
    1580601600,
    1207,
    127,
    1518,
    160
  ],
  [
    1579392000,
    1610,
    211,
    2026,
    265
  ],
  [
    1578182400,
    1430,
    263,
    1799,
    331
  ],
  [
    1576368000,
    1357,
    233,
    1711,
    294
  ],
  [
    1575158400,
    683,
    -282,
    861,
    -355
  ],
  [
    1573948800,
    1252,
    162,
    1583,
    205
  ],
  [
    1572739200,
    1115,
    115,
    1410,
    145
  ],
  [
    1571529600,
    1291,
    -51,
    1637,
    -65
  ],
  [
    1570320000,
    2393,
    359,
    3034,
    455
  ],
  [
    1569715200,
    1363,
    329,
    1733,
    418
  ],
  [
    1568505600,
    1789,
    360,
    2275,
    458
  ],
  [
    1567296000,
    1084,
    133,
    1378,
    169
  ],
  [
    1562457600,
    979,
    66,
    1248,
    84
  ],
  [
    1560643200,
    1036,
    -196,
    1323,
    -250
  ],
  [
    1559433600,
    1246,
    281,
    1592,
    359
  ],
  [
    1558224000,
    887,
    -77,
    1133,
    -98
  ],
  [
    1557014400,
    1053,
    23,
    1345,
    29
  ],
  [
    1555804800,
    982,
    -143,
    1254,
    -183
  ],
  [
    1555632000,
    676,
    -18,
    864,
    -23
  ],
  [
    1554595200,
    1124,
    -29,
    1436,
    -37
  ],
  [
    1552780800,
    1281,
    148,
    1642,
    190
  ],
  [
    1551571200,
    1137,
    26,
    1458,
    33
  ],
  [
    1549152000,
    1609,
    417,
    2071,
    537
  ],
  [
    1546732800,
    1433,
    259,
    1850,
    334
  ],
  [
    1544918400,
    1066,
    101,
    1375,
    130
  ],
  [
    1544745600,
    1692,
    107,
    2182,
    138
  ],
  [
    1543708800,
    1191,
    213,
    1536,
    275
  ],
  [
    1542499200,
    1268,
    143,
    1637,
    185
  ],
  [
    1541289600,
    1111,
    -316,
    1434,
    -408
  ],
  [
    1540512000,
    1592,
    252,
    2053,
    325
  ],
  [
    1540080000,
    1022,
    92,
    1318,
    119
  ],
  [
    1538870400,
    1068,
    50,
    1378,
    64
  ],
  [
    1538179200,
    1000,
    133,
    1293,
    172
  ],
  [
    1537056000,
    1418,
    1,
    1833,
    1
  ],
  [
    1535846400,
    1242,
    164,
    1606,
    212
  ],
  [
    1530403200,
    1059,
    154,
    1374,
    200
  ],
  [
    1529625600,
    906,
    -123,
    1177,
    -160
  ],
  [
    1529193600,
    1280,
    -35,
    1663,
    -45
  ],
  [
    1527984000,
    1380,
    188,
    1792,
    244
  ],
  [
    1526774400,
    1283,
    227,
    1668,
    295
  ],
  [
    1525564800,
    1384,
    246,
    1799,
    320
  ],
  [
    1523750400,
    1087,
    -18,
    1416,
    -23
  ],
  [
    1522540800,
    1458,
    124,
    1900,
    162
  ],
  [
    1521331200,
    1319,
    174,
    1723,
    227
  ],
  [
    1520121600,
    1703,
    417,
    2225,
    545
  ],
  [
    1518912000,
    997,
    -22,
    1303,
    -29
  ],
  [
    1517702400,
    1118,
    13,
    1461,
    17
  ],
  [
    1516492800,
    1490,
    133,
    1952,
    174
  ],
  [
    1516320000,
    2276,
    232,
    2982,
    304
  ],
  [
    1515283200,
    1270,
    65,
    1664,
    85
  ],
  [
    1513468800,
    655,
    -475,
    862,
    -625
  ],
  [
    1512259200,
    809,
    -146,
    1064,
    -192
  ],
  [
    1511049600,
    855,
    -150,
    1127,
    -198
  ],
  [
    1509840000,
    929,
    -368,
    1225,
    -485
  ],
  [
    1508025600,
    680,
    -260,
    899,
    -344
  ],
  [
    1507939200,
    1261,
    105,
    1667,
    139
  ],
  [
    1506816000,
    778,
    -77,
    1028,
    -102
  ],
  [
    1505606400,
    null,
    null,
    null,
    null
  ],
  [
    1504396800,
    955,
    68,
    1263,
    90
  ],
  [
    1503187200,
    790,
    -280,
    1050,
    -372
  ],
  [
    1501977600,
    816,
    -114,
    1085,
    -152
  ],
  [
    1500163200,
    1026,
    -109,
    1370,
    -145
  ],
  [
    1498953600,
    926,
    44,
    1236,
    59
  ],
  [
    1498176000,
    1944,
    279,
    2596,
    373
  ],
  [
    1497744000,
    899,
    -224,
    1200,
    -299
  ],
  [
    1496534400,
    946,
    91,
    1263,
    122
  ],
  [
    1495324800,
    1036,
    104,
    1384,
    139
  ],
  [
    1494115200,
    1149,
    94,
    1535,
    126
  ],
  [
    1492300800,
    1046,
    -9,
    1397,
    -12
  ],
  [
    1491091200,
    1756,
    144,
    2344,
    192
  ],
  [
    1489881600,
    942,
    87,
    1259,
    116
  ],
  [
    1488672000,
    1169,
    120,
    1563,
    160
  ],
  [
    1487462400,
    997,
    -5,
    1332,
    -7
  ],
  [
    1486252800,
    789,
    -282,
    1054,
    -377
  ],
  [
    1484438400,
    1439,
    132,
    1926,
    177
  ],
  [
    1483228800,
    1197,
    156,
    1602,
    209
  ],
  [
    1482019200,
    846,
    -349,
    1137,
    -469
  ],
  [
    1480809600,
    795,
    -110,
    1068,
    -148
  ],
  [
    1480723200,
    1680,
    null,
    2257,
    null
  ],
  [
    1479600000,
    755,
    null,
    1017,
    null
  ],
  [
    1478390400,
    981,
    null,
    1321,
    null
  ],
  [
    1476576000,
    1202,
    null,
    1621,
    null
  ],
  [
    1475366400,
    928,
    null,
    1252,
    null
  ],
  [
    1474156800,
    1181,
    null,
    1597,
    null
  ],
  [
    1473379200,
    null,
    null,
    null,
    null
  ],
  [
    1472947200,
    816,
    null,
    1103,
    null
  ],
  [
    1467504000,
    833,
    null,
    1131,
    null
  ],
  [
    1466294400,
    801,
    null,
    1087,
    null
  ],
  [
    1465084800,
    1049,
    null,
    1424,
    null
  ],
  [
    1463270400,
    918,
    null,
    1249,
    null
  ],
  [
    1462579200,
    956,
    null,
    1301,
    null
  ],
  [
    1462060800,
    1007,
    null,
    1370,
    null
  ],
  [
    1460851200,
    642,
    null,
    876,
    null
  ],
  [
    1459641600,
    1453,
    null,
    1982,
    null
  ],
  [
    1458432000,
    1519,
    null,
    2080,
    null
  ],
  [
    1457222400,
    1277,
    355,
    1749,
    486
  ],
  [
    1456012800,
    1444,
    469,
    1984,
    644
  ],
  [
    1454803200,
    1156,
    183,
    1588,
    251
  ],
  [
    1454025600,
    2056,
    613,
    2821,
    841
  ],
  [
    1452988800,
    1512,
    130,
    2074,
    178
  ],
  [
    1451779200,
    1519,
    534,
    2084,
    733
  ],
  [
    1450569600,
    1051,
    81,
    1441,
    111
  ],
  [
    1449360000,
    910,
    -45,
    1248,
    -62
  ],
  [
    1447545600,
    1111,
    168,
    1522,
    230
  ],
  [
    1446336000,
    1025,
    -20,
    1404,
    -27
  ],
  [
    1445126400,
    1070,
    -143,
    1467,
    -196
  ],
  [
    1444348800,
    1318,
    -92,
    1808,
    -126
  ],
  [
    1443916800,
    1111,
    54,
    1524,
    74
  ],
  [
    1442707200,
    956,
    -32,
    1312,
    -44
  ],
  [
    1441497600,
    935,
    75,
    1284,
    103
  ],
  [
    1436054400,
    857,
    -100,
    1174,
    -137
  ],
  [
    1434844800,
    1008,
    39,
    1383,
    54
  ],
  [
    1433635200,
    1047,
    12,
    1436,
    16
  ],
  [
    1431820800,
    1206,
    129,
    1659,
    177
  ],
  [
    1430611200,
    1022,
    78,
    1406,
    107
  ],
  [
    1429401600,
    1050,
    5,
    1449,
    7
  ],
  [
    1428192000,
    1003,
    168,
    1384,
    232
  ],
  [
    1426377600,
    1197,
    232,
    1654,
    321
  ],
  [
    1425168000,
    null,
    null,
    null,
    null
  ],
  [
    1423958400,
    null,
    null,
    null,
    null
  ],
  [
    1422748800,
    null,
    null,
    null,
    null
  ],
  [
    1421539200,
    1233,
    215,
    1712,
    299
  ],
  [
    1420761600,
    1650,
    215,
    2292,
    299
  ],
  [
    1420329600,
    1171,
    108,
    1626,
    150
  ],
  [
    1419120000,
    783,
    -182,
    1081,
    -251
  ],
  [
    1417910400,
    898,
    -57,
    1239,
    -79
  ],
  [
    1416096000,
    1126,
    13,
    1549,
    18
  ],
  [
    1414886400,
    855,
    22,
    1176,
    30
  ],
  [
    1414713600,
    1913,
    131,
    2627,
    180
  ],
  [
    1413676800,
    1042,
    237,
    1431,
    325
  ],
  [
    1412467200,
    952,
    117,
    1307,
    161
  ],
  [
    1411257600,
    1012,
    262,
    1389,
    360
  ],
  [
    1410048000,
    null,
    null,
    null,
    null
  ],
  [
    1404604800,
    null,
    null,
    null,
    null
  ],
  [
    1402790400,
    null,
    null,
    null,
    null
  ],
  [
    1401580800,
    955,
    195,
    1312,
    268
  ],
  [
    1400371200,
    896,
    91,
    1233,
    125
  ],
  [
    1399161600,
    1019,
    122,
    1402,
    168
  ],
  [
    1397952000,
    869,
    91,
    1198,
    125
  ],
  [
    1396742400,
    947,
    110,
    1306,
    152
  ],
  [
    1394928000,
    1014,
    136,
    1401,
    188
  ],
  [
    1393718400,
    768,
    53,
    1061,
    73
  ],
  [
    1392508800,
    753,
    48,
    1042,
    66
  ],
  [
    1391299200,
    1120,
    790,
    1550,
    1093
  ],
  [
    1390089600,
    1095,
    165,
    1517,
    229
  ],
  [
    1388880000,
    1070,
    157,
    1483,
    218
  ],
  [
    1387065600,
    null,
    null,
    null,
    null
  ],
  [
    1385856000,
    977,
    116,
    1357,
    161
  ],
  [
    1384646400,
    1118,
    179,
    1557,
    249
  ],
  [
    1384473600,
    1811,
    296,
    2522,
    412
  ],
  [
    1383436800,
    929,
    89,
    1294,
    124
  ],
  [
    1382227200,
    800,
    -130,
    1116,
    -181
  ],
  [
    1381017600,
    810,
    83,
    1130,
    116
  ],
  [
    1379289600,
    1038,
    163,
    1449,
    228
  ],
  [
    1377993600,
    663,
    57,
    926,
    80
  ],
  [
    1377302400,
    1223,
    164,
    1708,
    229
  ],
  [
    1373155200,
    752,
    32,
    1053,
    45
  ],
  [
    1371340800,
    887,
    123,
    1244,
    173
  ],
  [
    1370131200,
    701,
    16,
    983,
    22
  ],
  [
    1368921600,
    766,
    77,
    1077,
    108
  ],
  [
    1368230400,
    924,
    49,
    1299,
    69
  ],
  [
    1367712000,
    893,
    104,
    1256,
    146
  ],
  [
    1366502400,
    733,
    -7,
    1031,
    -10
  ],
  [
    1365292800,
    835,
    74,
    1174,
    104
  ],
  [
    1363910400,
    1236,
    201,
    1735,
    282
  ],
  [
    1363478400,
    1009,
    124,
    1416,
    174
  ],
  [
    1362268800,
    1207,
    207,
    1694,
    291
  ],
  [
    1361059200,
    743,
    58,
    1040,
    81
  ],
  [
    1359849600,
    591,
    6,
    827,
    8
  ],
  [
    1358640000,
    753,
    68,
    1060,
    96
  ],
  [
    1357430400,
    778,
    81,
    1095,
    114
  ],
  [
    1355616000,
    493,
    -172,
    695,
    -243
  ],
  [
    1354406400,
    751,
    80,
    1059,
    113
  ],
  [
    1353196800,
    930,
    115,
    1311,
    162
  ],
  [
    1351987200,
    845,
    155,
    1191,
    219
  ],
  [
    1350777600,
    841,
    98,
    1184,
    138
  ],
  [
    1349568000,
    664,
    9,
    935,
    13
  ],
  [
    1348790400,
    352,
    -333,
    497,
    -470
  ],
  [
    1347753600,
    719,
    59,
    1015,
    83
  ],
  [
    1346544000,
    555,
    -80,
    783,
    -113
  ],
  [
    1345334400,
    672,
    94,
    953,
    133
  ],
  [
    1339891200,
    647,
    67,
    923,
    96
  ],
  [
    1338681600,
    595,
    -85,
    849,
    -121
  ],
  [
    1337472000,
    695,
    -10,
    991,
    -14
  ],
  [
    1336262400,
    534,
    -121,
    761,
    -172
  ],
  [
    1335484800,
    1489,
    274,
    2118,
    390
  ],
  [
    1334448000,
    525,
    -185,
    747,
    -263
  ],
  [
    1333238400,
    684,
    74,
    973,
    105
  ],
  [
    1333065600,
    null,
    0,
    null,
    0
  ],
  [
    1332028800,
    702,
    22,
    1000,
    31
  ],
  [
    1331337600,
    1796,
    352,
    2559,
    502
  ],
  [
    1330819200,
    616,
    -89,
    878,
    -127
  ],
  [
    1329609600,
    651,
    -49,
    930,
    -70
  ],
  [
    1326585600,
    846,
    132,
    1211,
    189
  ],
  [
    1324166400,
    868,
    116,
    1245,
    166
  ],
  [
    1322265600,
    640,
    -65,
    919,
    -93
  ],
  [
    1321747200,
    758,
    94,
    1088,
    135
  ],
  [
    1318723200,
    678,
    134,
    975,
    193
  ],
  [
    1318032000,
    null,
    0,
    null,
    0
  ],
  [
    1316304000,
    728,
    52,
    1047,
    75
  ],
  [
    1313884800,
    771,
    -5,
    1112,
    -7
  ],
  [
    1311379200,
    1027,
    173,
    1486,
    250
  ],
  [
    1310860800,
    779,
    103,
    1127,
    149
  ],
  [
    1308441600,
    756,
    5,
    1096,
    7
  ],
  [
    1305417600,
    707,
    86,
    1025,
    125
  ],
  [
    1302998400,
    543,
    -42,
    790,
    -61
  ],
  [
    1301011200,
    2002,
    225,
    2926,
    329
  ],
  [
    1300579200,
    1032,
    152,
    1508,
    222
  ],
  [
    1297555200,
    593,
    110,
    871,
    162
  ],
  [
    1295136000,
    521,
    -107,
    768,
    -158
  ],
  [
    1292716800,
    501,
    -175,
    741,
    -259
  ],
  [
    1291420800,
    580,
    -258,
    858,
    -382
  ],
  [
    1290729600,
    1710,
    -69,
    2539,
    -102
  ],
  [
    1290297600,
    300,
    -246,
    445,
    -365
  ],
  [
    1287273600,
    536,
    40,
    798,
    60
  ],
  [
    1284854400,
    681,
    85,
    1017,
    127
  ],
  [
    1281830400,
    577,
    47,
    863,
    70
  ],
  [
    1279411200,
    500,
    35,
    749,
    52
  ],
  [
    1276992000,
    598,
    18,
    898,
    27
  ],
  [
    1273968000,
    816,
    11,
    1224,
    17
  ],
  [
    1271548800,
    645,
    70,
    967,
    105
  ],
  [
    1269129600,
    511,
    56,
    767,
    84
  ],
  [
    1266710400,
    734,
    103,
    1101,
    155
  ],
  [
    1263686400,
    593,
    83,
    889,
    124
  ],
  [
    1261267200,
    495,
    -20,
    743,
    -30
  ],
  [
    1258243200,
    652,
    111,
    979,
    167
  ],
  [
    1256256000,
    783,
    112,
    1179,
    169
  ],
  [
    1255824000,
    589,
    46,
    887,
    69
  ],
  [
    1253404800,
    625,
    78,
    944,
    118
  ],
  [
    1248998400,
    862,
    158,
    1309,
    240
  ],
  [
    1247961600,
    362,
    21,
    550,
    32
  ],
  [
    1244332800,
    726,
    165,
    1102,
    250
  ],
  [
    1242518400,
    457,
    -53,
    699,
    -81
  ],
  [
    1238889600,
    null,
    -274,
    null,
    -420
  ],
  [
    1237680000,
    null,
    100,
    null,
    153
  ],
  [
    1233446400,
    null,
    269,
    null,
    412
  ]
]